# JRE version: Java(TM) SE Runtime Environment (17.0.4+11) (build 17.0.4+11-LTS-179)
# Java VM: Java HotSpot(TM) 64-Bit Server VM (17.0.4+11-LTS-179, mixed mode, sharing, tiered, compressed oops, compressed class ptrs, g1 gc, windows-amd64)
GC Precious Log:
 CPUs: 8 total, 8 available
 Memory: 16381M
 Large Page Support: Disabled
 NUMA Support: Disabled
 Compressed Oops: Enabled (32-bit)
 Heap Region Size: 1M
 Heap Min Capacity: 8M
 Heap Initial Capacity: 256M
 Heap Max Capacity: 2G
 Pre-touch: Disabled
 Parallel Workers: 8
 Concurrent Workers: 2
 Concurrent Refinement Workers: 8
 Periodic GC: Disabled
Heap:
 garbage-first heap   total 247808K, used 146125K [0x0000000080000000, 0x0000000100000000)
  region size 1024K, 14 young (14336K), 10 survivors (10240K)
 Metaspace       used 113773K, committed 114816K, reserved 528384K
  class space    used 15690K, committed 16192K, reserved 421888K
GC Heap History (20 events):
Event: 71.026 GC heap before
{Heap before GC invocations=40 (full 0):
 garbage-first heap   total 202752K, used 168040K [0x0000000080000000, 0x0000000100000000)
  region size 1024K, 79 young (80896K), 10 survivors (10240K)
 Metaspace       used 101829K, committed 102720K, reserved 512000K
  class space    used 13884K, committed 14336K, reserved 421888K
}
Event: 71.035 GC heap after
{Heap after GC invocations=41 (full 0):
 garbage-first heap   total 202752K, used 102588K [0x0000000080000000, 0x0000000100000000)
  region size 1024K, 6 young (6144K), 6 survivors (6144K)
 Metaspace       used 101829K, committed 102720K, reserved 512000K
  class space    used 13884K, committed 14336K, reserved 421888K
}
Event: 71.857 GC heap before
{Heap before GC invocations=41 (full 0):
 garbage-first heap   total 202752K, used 170172K [0x0000000080000000, 0x0000000100000000)
  region size 1024K, 71 young (72704K), 6 survivors (6144K)
 Metaspace       used 105857K, committed 106816K, reserved 520192K
  class space    used 14521K, committed 14976K, reserved 421888K
}
Event: 71.863 GC heap after
{Heap after GC invocations=42 (full 0):
 garbage-first heap   total 202752K, used 104679K [0x0000000080000000, 0x0000000100000000)
  region size 1024K, 3 young (3072K), 3 survivors (3072K)
 Metaspace       used 105857K, committed 106816K, reserved 520192K
  class space    used 14521K, committed 14976K, reserved 421888K
}
Event: 72.629 GC heap before
{Heap before GC invocations=42 (full 0):
 garbage-first heap   total 202752K, used 170215K [0x0000000080000000, 0x0000000100000000)
  region size 1024K, 67 young (68608K), 3 survivors (3072K)
 Metaspace       used 109974K, committed 110848K, reserved 520192K
  class space    used 15192K, committed 15616K, reserved 421888K
}
Event: 72.635 GC heap after
{Heap after GC invocations=43 (full 0):
 garbage-first heap   total 202752K, used 107912K [0x0000000080000000, 0x0000000100000000)
  region size 1024K, 6 young (6144K), 6 survivors (6144K)
 Metaspace       used 109974K, committed 110848K, reserved 520192K
  class space    used 15192K, committed 15616K, reserved 421888K
}
Event: 73.457 GC heap before
{Heap before GC invocations=43 (full 0):
 garbage-first heap   total 202752K, used 170376K [0x0000000080000000, 0x0000000100000000)
  region size 1024K, 68 young (69632K), 6 survivors (6144K)
 Metaspace       used 112082K, committed 113088K, reserved 520192K
  class space    used 15522K, committed 16000K, reserved 421888K
}
Event: 73.467 GC heap after
{Heap after GC invocations=44 (full 0):
 garbage-first heap   total 202752K, used 114175K [0x0000000080000000, 0x0000000100000000)
  region size 1024K, 9 young (9216K), 9 survivors (9216K)
 Metaspace       used 112082K, committed 113088K, reserved 520192K
  class space    used 15522K, committed 16000K, reserved 421888K
}
Event: 73.662 GC heap before
{Heap before GC invocations=44 (full 0):
 garbage-first heap   total 202752K, used 169471K [0x0000000080000000, 0x0000000100000000)
  region size 1024K, 63 young (64512K), 9 survivors (9216K)
 Metaspace       used 112108K, committed 113152K, reserved 520192K
  class space    used 15522K, committed 16000K, reserved 421888K
}
Event: 73.672 GC heap after
{Heap after GC invocations=45 (full 0):
 garbage-first heap   total 202752K, used 117555K [0x0000000080000000, 0x0000000100000000)
  region size 1024K, 3 young (3072K), 3 survivors (3072K)
 Metaspace       used 112108K, committed 113152K, reserved 520192K
  class space    used 15522K, committed 16000K, reserved 421888K
}
Event: 73.817 GC heap before
{Heap before GC invocations=45 (full 0):
 garbage-first heap   total 202752K, used 171827K [0x0000000080000000, 0x0000000100000000)
  region size 1024K, 56 young (57344K), 3 survivors (3072K)
 Metaspace       used 112138K, committed 113152K, reserved 520192K
  class space    used 15522K, committed 16000K, reserved 421888K
}
Event: 73.821 GC heap after
{Heap after GC invocations=46 (full 0):
 garbage-first heap   total 202752K, used 117474K [0x0000000080000000, 0x0000000100000000)
  region size 1024K, 3 young (3072K), 3 survivors (3072K)
 Metaspace       used 112138K, committed 113152K, reserved 520192K
  class space    used 15522K, committed 16000K, reserved 421888K
}
Event: 73.951 GC heap before
{Heap before GC invocations=46 (full 0):
 garbage-first heap   total 202752K, used 172770K [0x0000000080000000, 0x0000000100000000)
  region size 1024K, 57 young (58368K), 3 survivors (3072K)
 Metaspace       used 112144K, committed 113152K, reserved 520192K
  class space    used 15522K, committed 16000K, reserved 421888K
}
Event: 73.956 GC heap after
{Heap after GC invocations=47 (full 0):
 garbage-first heap   total 202752K, used 118251K [0x0000000080000000, 0x0000000100000000)
  region size 1024K, 4 young (4096K), 4 survivors (4096K)
 Metaspace       used 112144K, committed 113152K, reserved 520192K
  class space    used 15522K, committed 16000K, reserved 421888K
}
Event: 74.980 GC heap before
{Heap before GC invocations=47 (full 0):
 garbage-first heap   total 202752K, used 176619K [0x0000000080000000, 0x0000000100000000)
  region size 1024K, 58 young (59392K), 4 survivors (4096K)
 Metaspace       used 112543K, committed 113536K, reserved 528384K
  class space    used 15550K, committed 16000K, reserved 421888K
}
Event: 74.988 GC heap after
{Heap after GC invocations=48 (full 0):
 garbage-first heap   total 247808K, used 129952K [0x0000000080000000, 0x0000000100000000)
  region size 1024K, 8 young (8192K), 8 survivors (8192K)
 Metaspace       used 112543K, committed 113536K, reserved 528384K
  class space    used 15550K, committed 16000K, reserved 421888K
}
Event: 75.220 GC heap before
{Heap before GC invocations=48 (full 0):
 garbage-first heap   total 247808K, used 204704K [0x0000000080000000, 0x0000000100000000)
  region size 1024K, 81 young (82944K), 8 survivors (8192K)
 Metaspace       used 112561K, committed 113536K, reserved 528384K
  class space    used 15550K, committed 16000K, reserved 421888K
}
Event: 75.225 GC heap after
{Heap after GC invocations=49 (full 0):
 garbage-first heap   total 247808K, used 130968K [0x0000000080000000, 0x0000000100000000)
  region size 1024K, 1 young (1024K), 1 survivors (1024K)
 Metaspace       used 112561K, committed 113536K, reserved 528384K
  class space    used 15550K, committed 16000K, reserved 421888K
}
Event: 76.373 GC heap before
{Heap before GC invocations=49 (full 0):
 garbage-first heap   total 247808K, used 208792K [0x0000000080000000, 0x0000000100000000)
  region size 1024K, 75 young (76800K), 1 survivors (1024K)
 Metaspace       used 113760K, committed 114816K, reserved 528384K
  class space    used 15688K, committed 16192K, reserved 421888K
}
Event: 76.381 GC heap after
{Heap after GC invocations=50 (full 0):
 garbage-first heap   total 247808K, used 142029K [0x0000000080000000, 0x0000000100000000)
  region size 1024K, 10 young (10240K), 10 survivors (10240K)
 Metaspace       used 113760K, committed 114816K, reserved 528384K
  class space    used 15688K, committed 16192K, reserved 421888K
}

